Standby -> vol+ -> vol- -> skip -> play/pause -> stop
=~=~=~=~=~=~=~=~=~=~=~= PuTTY log 2020.09.22 16:36:38 =~=~=~=~=~=~=~=~=~=~=~=
11111111111111111111111111111111111111111111111111
11111111111111111111111111111000000000111100000011
11110101010111111100010101111111010001011111111111
11111111111111111111111111111110000000001111111111
11111111111111111111111111111111111111111111111111
11111111111111111111111111111111100000000011111111
11111111111111111111111111111111111111111111111111
11111111111111111111111111111111111000000000111111
11111111111111111111111111111111111111111111111111
11111111111111111111111111111111111111111111111111
11111111111111111111111111111111111111111111111111
11111111111111111111111111111111111111111111111111
11111111111111111111111111111111111111111111111111
11111111111111111111111111111111111111111111111111
11111111111111111111111111111111111111111111111111
11111111111111111111111111111111111111111111111111
11111111111111111111111111111111111111111111111111
11111111111111111111111111111111111111111111111111
11111111111111111111111111111111111111111111111111
11111111100000000011110000011111101010101111111100
00101111111010100111111111111111111111111111111111
11111111111000000000110111111111111111111111111111
11111111111111111111111111111111111111111111111111
11111111111110000000001101111111111111111111111111
11111111111111111111111111111111111111111111111111
11111111111111100000000011011111111111111111111111
11111111111111111111111111111111111111111111111111
11111111111111111111111111111111111111111111111111
11111111111111111111111111111111111111111111111111
11111111111111111111111111111111111111111111111111
11111111111111111111111111111111111111111111111111
11111111111111111111111111111111111111111111111111
11111111111111111111111111111111111111111111111111
11111111111111111111111111111111111111111111111111
11111111111111111111111111111111111111111111111111
11111111111111111111111111111111111111111111111111
11111111000000000111100000000111111101010101111110
01001011111110100100111111111111111111111111111111
11111111110000000001111111111111111111111111111111
11111111111111111111111111111111111111111111111111
11111111111100000000011111111111111111111111111111
11111111111111111111111111111111111111111111111111
11111111111111000000000111111111111111111111111111
11111111111111111111111111111111111111111111111111
11111111111111110000000011111111111111111111111111
11111111111111111111111111111111111111111111111111
11111111111111111111111111111111111111111111111111
11111111111111111111111111111111111111111111111111
11111111111111111111111111111111111111111111111111
11111111111111111111111111111111111111111111111111
11111111111111111111111111111111111111111111111111
11111111111111111111111111111111111111111111111111
11111111111111111111111111111111111111111111111111
11111111111111111110000000011111111111000101011111
01010101111111100000011111110101011111111111111111
11111111111111111111100000000110111111111111111111
11111111111111111111111111111111111111111111111111
11111111111111111111110000000001101111111111111111
11111111111111111111111111111111111111111111111111
11111111111111111111111100000000011011111111111111
11111111111111111111111111111111111111111111111111
11111111111111111111111111000000000110111111111111
11111111111111111111111111111111111111111111111111
11111111111111111111111111111111111111111111111111
11111111111111111111111111111111111111111111111111
11111111111111111111111111111111111111111111111111
11111111111111111111111111111111111111111111111111
11111111111111111111111111111111111111111111111111
11111111111111111111111111111111111111111111111111
11111111111111111111111111111111111111111111111111
11111111111111111111111111111111111111111111111111
11000000000111100001111111010101011111101001001111
11010010001111110111111111111111111111111111111111
11110000000001101111111111111111111111111111111111
11111111111111111111111111111111111111111111111111
11111100000000011011111111111111111111111111111111
11111111111111111111111111111111111111111111111111
11111111000000000110111111111111111111111111111111
11111111111111111111111111111111111111111111111111
11111111110000000001101111111111111111111111111111
11111111111111111111111111111111111111111111111111
11111111111111111111111111111111111111111111111111
11111111111111111111111111111111111111111111111111