Standby -> vol+ -> vol- -> skip -> play/pause -> stop

=~=~=~=~=~=~=~=~=~=~=~= PuTTY log 2020.09.22 16:38:54 =~=~=~=~=~=~=~=~=~=~=~=
11111111111111111111111111111111111111111111111111
11111111111111111111111111111111111111111111111111
11111100000000001111111100000000000000000000111111110000
00000011111111100001111111111111111111111111111001
00110111011100111111111111111111111111100100110011
01000011111111111111111111111110000000000000000111
11111111111111111111111100110011001101111011111111
11111111111111110011011001100110001111111111111111
11111111111111111111111111111111111111111111111111
11111111111111111111111111111111111111111111111111
11111111111111111111111111111111111111111111111111
11111111111111111111111111111111111111111111111111
11111111111111111111111111111111111111111111111111
11111111111111111111111111111111111111111111111111
11111111111111111111111111111111111111111111111111
11111111111111111111111111111111111111111111111111
11111111111111111111111111111111111111111111111111
11111111111111111111111111111110010000000000000011
11111111111111111111111001010011001100111011111111
11111111111111100001011101100110001111111111111111
11111111001001000000000001111111111111111111111111
00101000100110011111111111111111111111111110000101
10111011100111111111111111111111111100000100010001
00011111111111111111111111110010100010001000111111
11111111111111111111000010111011101110011111111111
11111111111100000011001000100001111111111111111111
11111001000000000100011111111111111111111111111111
11111111111111111111111111111111111111111111111111
11111111111111111111111111111111111111111111111111
11111111111111111111111111111111111111111111111111
11111111111111111111111111111111111111111111111111
11111111111111111111111111111111111111111111111111
11111111111111111111111111111111111111111111111111
11111111111111111111111111111111111111111111111111
11111111100000100010110111001111111111111111111111
10010100010000010000111111111111111111111111000010
11010010001111111111111111111111111110000010001011
11110111111111111111111111111001000000001001100011
11111111111111111111100101001101000000011111111111
11111111111110000001100101100111011111111111111111
11111100100000000100110001111111111111111111111110
10100110000000001111111111111111111111111111111111
11111111111111111111111111111111111111111111111111
11111111111111111111111111111111111111111111111111
11111111111111111111111111111111111111111111111111
11111111111111111111111111111111111111111111111111
11111111111111111111111111111111111111111111111111
11111111111111111111111111111111111111111111111111
11111111111111111111111111111111111111111111111111
11111111111111111111111111111111111111111111111111
11111111111111111111111111111111111111111111111111
11111111111110000110110010100011111111111111111111
11111100000000000010111001111111111111111111111110
10010011000010000111111111111111111111111000011011
01000001111111111111111111111111100000001000001011
10111111111111111111111111001001000100001100011111
11111111111111111100101101110100000011111111111111
11111111110000100100010100111011111111111111111111
11100100000010010111001111111111111111111111110010
10111010000001111111111111111111111111111111111111
11111111111111111111111111111111111111111111111111
11111111111111111111111111111111111111111111111111
11111111111111111111111111111111111111111111111111
11111111111111111111111111111111111111111111111111
11111111111111111111111111111111111111111111111111
11111111111111111111111111111111111111111111111111
11111111111111111111111111111111111111111111111111
11111111111111111111111111111111111111111111111111
11111111111100001001101000010000111111111111111111
11111000000000101000001111111111111111111111111100
01100100001011110111111111111111111111110000110110
00001100011111111111111111111111100000000010100000
11111111111111111111111110010010000010100111011111
11111111111111111001011011010010110001111111111111
11111111100000001001010000001111111111111111111111
11001001000001010011111111111111111111111111100101
01100001011100111111111111111111111111111111111111
11111111111111111111111111111111111111111111111111
11111111111111111111111111111111111111111111111111