=~=~=~=~=~=~=~=~=~=~=~= PuTTY log 2020.10.01 16:14:50 =~=~=~=~=~=~=~=~=~=~=~=
Press the button once
Press the button once

Raw: (71) HIGH 9076
LOW 4440
HIGH 624
LOW 1636
HIGH 620
LOW 1636
HIGH 624
LOW 508
HIGH 620
LOW 508
HIGH 624
LOW 508
HIGH 624
LOW 508
HIGH 620
LOW 508
HIGH 624
LOW 1632
HIGH 624
LOW 508
HIGH 624
LOW 504
HIGH 624
LOW 1636
HIGH 624
LOW 504
HIGH 624
LOW 1636
HIGH 624
LOW 1636
HIGH 620
LOW 1636
HIGH 624
LOW 1636
HIGH 620
LOW 1640
HIGH 616
LOW 1636
HIGH 624
LOW 1636
HIGH 620
LOW 508
HIGH 624
LOW 1636
HIGH 620
LOW 508
HIGH 624
LOW 512
HIGH 616
LOW 512
HIGH 616
LOW 512
HIGH 624
LOW 508
HIGH 620
LOW 508
HIGH 620
LOW 1640
HIGH 620
LOW 508
HIGH 620
LOW 1640
HIGH 620
LOW 1636
HIGH 624
LOW 1636
HIGH 616
LOW 39292
HIGH 9072
LOW 2212
HIGH 624


Press the button once

Raw: (71) HIGH 9112
LOW 4412
HIGH 624
LOW 1632
HIGH 632
LOW 1628
HIGH 656
LOW 476
HIGH 652
LOW 476
HIGH 632
LOW 504
HIGH 652
LOW 476
HIGH 652
LOW 476
HIGH 632
LOW 1628
HIGH 656
LOW 476
HIGH 652
LOW 476
HIGH 632
LOW 1628
HIGH 628
LOW 504
HIGH 652
LOW 1604
HIGH 652
LOW 1608
HIGH 628
LOW 1628
HIGH 656
LOW 1604
HIGH 656
LOW 1604
HIGH 652
LOW 1608
HIGH 624
LOW 1632
HIGH 632
LOW 500
HIGH 652
LOW 1604
HIGH 656
LOW 476
HIGH 652
LOW 480
HIGH 628
LOW 504
HIGH 652
LOW 476
HIGH 652
LOW 480
HIGH 624
LOW 508
HIGH 624
LOW 1632
HIGH 628
LOW 504
HIGH 624
LOW 1632
HIGH 652
LOW 1608
HIGH 632
LOW 1628
HIGH 628
LOW 39288
HIGH 9080
LOW 2208
HIGH 628


Press the button once

Raw: (65) HIGH 572
LOW 504
HIGH 628
LOW 504
HIGH 648
LOW 480
HIGH 652
LOW 1612
HIGH 644
LOW 484
HIGH 624
LOW 504
HIGH 652
LOW 1612
HIGH 648
LOW 480
HIGH 624
LOW 1636
HIGH 624
LOW 1636
HIGH 624
LOW 1632
HIGH 628
LOW 1632
HIGH 624
LOW 1660
HIGH 624
LOW 1612
HIGH 648
LOW 1612
HIGH 644
LOW 480
HIGH 652
LOW 1612
HIGH 644
LOW 484
HIGH 624
LOW 504
HIGH 652
LOW 480
HIGH 648
LOW 484
HIGH 624
LOW 504
HIGH 652
LOW 480
HIGH 652
LOW 1608
HIGH 648
LOW 484
HIGH 624
LOW 1636
HIGH 624
LOW 1632
HIGH 652
LOW 1612
HIGH 644
LOW 39268
HIGH 9108
LOW 2184
HIGH 652
LOW 60560
HIGH 272
LOW 10836
HIGH 252


Press the button once

Raw: (76) HIGH 42224
LOW 352
HIGH 15124
LOW 248
HIGH 6812
LOW 9084
HIGH 4440
LOW 628
HIGH 1636
LOW 624
HIGH 1636
LOW 648
HIGH 480
LOW 648
HIGH 480
LOW 624
HIGH 508
LOW 624
HIGH 508
LOW 648
HIGH 484
LOW 620
HIGH 1640
LOW 616
HIGH 508
LOW 628
HIGH 508
LOW 648
HIGH 1608
LOW 648
HIGH 484
LOW 648
HIGH 1608
LOW 648
HIGH 1612
LOW 648
HIGH 1612
LOW 644
HIGH 1612
LOW 648
HIGH 1612
LOW 648
HIGH 1612
LOW 644
HIGH 1612
LOW 648
HIGH 480
LOW 648
HIGH 1616
LOW 644
HIGH 480
LOW 628
HIGH 504
LOW 652
HIGH 480
LOW 648
HIGH 480
LOW 624
HIGH 508
LOW 624
HIGH 504
LOW 652
HIGH 1612
LOW 648
HIGH 480
LOW 648
HIGH 1612
LOW 648
HIGH 1608
LOW 648
HIGH 1612
LOW 648
HIGH 39264
LOW 9108
HIGH 2184
LOW 628


Press the button once

Raw: (71) HIGH 9104
LOW 4412
HIGH 652
LOW 1636
HIGH 624
LOW 1636
HIGH 620
LOW 484
HIGH 620
LOW 508
HIGH 624
LOW 512
HIGH 644
LOW 484
HIGH 648
LOW 480
HIGH 620
LOW 1672
HIGH 588
LOW 512
HIGH 620
LOW 508
HIGH 648
LOW 1600
HIGH 660
LOW 480
HIGH 648
LOW 1636
HIGH 624
LOW 1636
HIGH 620
LOW 1600
HIGH 660
LOW 1636
HIGH 624
LOW 1636
HIGH 620
LOW 1612
HIGH 620
LOW 1664
HIGH 596
LOW 508
HIGH 648
LOW 1600
HIGH 656
LOW 484
HIGH 620
LOW 508
HIGH 628
LOW 508
HIGH 644
LOW 484
HIGH 648
LOW 480
HIGH 624
LOW 512
HIGH 620
LOW 1664
HIGH 596
LOW 508
HIGH 644
LOW 1640
HIGH 620
LOW 1636
HIGH 620
LOW 1640
HIGH 620
LOW 39260
HIGH 9112
LOW 2212
HIGH 624


Press the button once

Raw: (72) HIGH 3100
LOW 9112
HIGH 4412
LOW 628
HIGH 1636
LOW 624
HIGH 1636
LOW 620
HIGH 504
LOW 632
HIGH 504
LOW 652
HIGH 476
LOW 652
HIGH 476
LOW 628
HIGH 508
LOW 652
HIGH 1632
LOW 624
HIGH 480
LOW 652
HIGH 476
LOW 628
HIGH 1660
LOW 596
HIGH 508
LOW 652
HIGH 1632
LOW 628
HIGH 1632
LOW 628
HIGH 1632
LOW 624
HIGH 1632
LOW 628
HIGH 1592
LOW 668
HIGH 1632
LOW 600
HIGH 1620
LOW 636
HIGH 504
LOW 652
HIGH 1612
LOW 648
HIGH 476
LOW 652
HIGH 480
LOW 628
HIGH 504
LOW 652
HIGH 476
LOW 652
HIGH 480
LOW 624
HIGH 508
LOW 652
HIGH 1632
LOW 628
HIGH 476
LOW 652
HIGH 1636
LOW 624
HIGH 1612
LOW 644
HIGH 1612
LOW 648
HIGH 39260
LOW 9108
HIGH 2184
LOW 628


Press the button once

Raw: (139) HIGH 9108
LOW 4416
HIGH 652
LOW 1612
HIGH 644
LOW 1612
HIGH 648
LOW 480
HIGH 624
LOW 508
HIGH 652
LOW 476
HIGH 652
LOW 480
HIGH 624
LOW 508
HIGH 652
LOW 1608
HIGH 624
LOW 504
HIGH 652
LOW 476
HIGH 652
LOW 1612
HIGH 648
LOW 476
HIGH 632
LOW 1632
HIGH 628
LOW 1632
HIGH 620
LOW 1640
HIGH 624
LOW 1632
HIGH 628
LOW 1632
HIGH 620
LOW 1640
HIGH 620
LOW 1636
HIGH 624
LOW 508
HIGH 624
LOW 1660
HIGH 600
LOW 504
HIGH 652
LOW 476
HIGH 652
LOW 476
HIGH 632
LOW 504
HIGH 652
LOW 476
HIGH 652
LOW 480
HIGH 624
LOW 1636
HIGH 624
LOW 508
HIGH 648
LOW 1636
HIGH 600
LOW 1656
HIGH 604
LOW 1656
HIGH 600
LOW 17684
HIGH 9108
LOW 4412
HIGH 652
LOW 1596
HIGH 664
LOW 1632
HIGH 600
LOW 504
HIGH 652
LOW 476
HIGH 652
LOW 480
HIGH 628
LOW 504
HIGH 652
LOW 476
HIGH 652
LOW 1640
HIGH 620
LOW 476
HIGH 628
LOW 508
HIGH 624
LOW 1620
HIGH 640
LOW 504
HIGH 648
LOW 1612
HIGH 648
LOW 1632
HIGH 628
LOW 1596
HIGH 660
LOW 1596
HIGH 640
LOW 1620
HIGH 636
LOW 1620
HIGH 640
LOW 1620
HIGH 640
LOW 504
HIGH 648
LOW 1636
HIGH 624
LOW 480
HIGH 648
LOW 480
HIGH 624
LOW 504
HIGH 632
LOW 504
HIGH 652
LOW 476
HIGH 652
LOW 476
HIGH 628
LOW 1636
HIGH 620
LOW 504
HIGH 632
LOW 1620
HIGH 636
LOW 1660
HIGH 600
LOW 1660
HIGH 600
LOW 39288
HIGH 9108
LOW 2212
HIGH 624


Press the button once

Raw: (71) HIGH 9084
LOW 4440
HIGH 652
LOW 1604
HIGH 652
LOW 1608
HIGH 652
LOW 476
HIGH 628
LOW 504
HIGH 628
LOW 504
HIGH 652
LOW 476
HIGH 628
LOW 504
HIGH 628
LOW 1632
HIGH 652
LOW 480
HIGH 652
LOW 476
HIGH 628
LOW 1632
HIGH 624
LOW 504
HIGH 632
LOW 1632
HIGH 624
LOW 1636
HIGH 624
LOW 1632
HIGH 628
LOW 1632
HIGH 624
LOW 1636
HIGH 624
LOW 1632
HIGH 628
LOW 1632
HIGH 624
LOW 504
HIGH 652
LOW 1608
HIGH 652
LOW 476
HIGH 628
LOW 504
HIGH 628
LOW 504
HIGH 652
LOW 476
HIGH 628
LOW 504
HIGH 628
LOW 504
HIGH 652
LOW 1632
HIGH 628
LOW 476
HIGH 652
LOW 1608
HIGH 652
LOW 1608
HIGH 652
LOW 1604
HIGH 652
LOW 39268
HIGH 9088
LOW 2208
HIGH 628


Press the button once

Raw: (67) HIGH 9112
LOW 4412
HIGH 624
LOW 1640
HIGH 620
LOW 1636
HIGH 624
LOW 504
HIGH 628
LOW 504
HIGH 652
LOW 476
HIGH 652
LOW 480
HIGH 628
LOW 504
HIGH 652
LOW 1612
HIGH 648
LOW 476
HIGH 632
LOW 500
HIGH 652
LOW 1612
HIGH 648
LOW 480
HIGH 624
LOW 1636
HIGH 624
LOW 1636
HIGH 620
LOW 1640
HIGH 624
LOW 1632
HIGH 628
LOW 1632
HIGH 628
LOW 1632
HIGH 624
LOW 1632
HIGH 628
LOW 504
HIGH 652
LOW 1612
HIGH 644
LOW 480
HIGH 624
LOW 504
HIGH 632
LOW 504
HIGH 648
LOW 480
HIGH 628
LOW 500
HIGH 632
LOW 504
HIGH 648
LOW 1608
HIGH 652
LOW 480
HIGH 648
LOW 1612
HIGH 624
LOW 1636
HIGH 620
LOW 1640
HIGH 620


Press the button once

Raw: (67) HIGH 9084
LOW 4440
HIGH 652
LOW 1608
HIGH 652
LOW 1604
HIGH 652
LOW 480
HIGH 628
LOW 504
HIGH 652
LOW 476
HIGH 652
LOW 480
HIGH 628
LOW 504
HIGH 652
LOW 1608
HIGH 648
LOW 480
HIGH 652
LOW 476
HIGH 628
LOW 1632
HIGH 628
LOW 504
HIGH 652
LOW 1604
HIGH 656
LOW 1600
HIGH 656
LOW 1604
HIGH 656
LOW 1604
HIGH 656
LOW 1600
HIGH 656
LOW 1604
HIGH 656
LOW 1604
HIGH 656
LOW 476
HIGH 652
LOW 1608
HIGH 648
LOW 480
HIGH 624
LOW 508
HIGH 652
LOW 480
HIGH 648
LOW 480
HIGH 624
LOW 508
HIGH 652
LOW 480
HIGH 648
LOW 1608
HIGH 652
LOW 476
HIGH 652
LOW 1608
HIGH 652
LOW 1608
HIGH 652
LOW 1604
HIGH 652


Press the button once

Raw: (71) HIGH 9080
LOW 4444
HIGH 624
LOW 1636
HIGH 620
LOW 1636
HIGH 624
LOW 512
HIGH 596
LOW 532
HIGH 620
LOW 512
HIGH 620
LOW 512
HIGH 620
LOW 508
HIGH 620
LOW 1640
HIGH 620
LOW 512
HIGH 616
LOW 512
HIGH 624
LOW 1636
HIGH 620
LOW 512
HIGH 620
LOW 1636
HIGH 620
LOW 1640
HIGH 620
LOW 1636
HIGH 624
LOW 1636
HIGH 620
LOW 1640
HIGH 620
LOW 1636
HIGH 624
LOW 1636
HIGH 620
LOW 512
HIGH 620
LOW 1636
HIGH 620
LOW 512
HIGH 596
LOW 536
HIGH 620
LOW 508
HIGH 620
LOW 512
HIGH 620
LOW 512
HIGH 620
LOW 508
HIGH 620
LOW 1640
HIGH 620
LOW 512
HIGH 616
LOW 1640
HIGH 620
LOW 1636
HIGH 624
LOW 1636
HIGH 620
LOW 39308
HIGH 9072
LOW 2216
HIGH 620


Press the button once

Raw: (71) HIGH 9080
LOW 4448
HIGH 620
LOW 1636
HIGH 624
LOW 1636
HIGH 620
LOW 508
HIGH 624
LOW 512
HIGH 616
LOW 512
HIGH 624
LOW 508
HIGH 620
LOW 512
HIGH 616
LOW 1644
HIGH 620
LOW 508
HIGH 620
LOW 512
HIGH 620
LOW 1640
HIGH 616
LOW 512
HIGH 624
LOW 1636
HIGH 620
LOW 1640
HIGH 620
LOW 1636
HIGH 624
LOW 1636
HIGH 620
LOW 1644
HIGH 616
LOW 1640
HIGH 596
LOW 1664
HIGH 620
LOW 508
HIGH 620
LOW 1640
HIGH 620
LOW 512
HIGH 616
LOW 512
HIGH 624
LOW 508
HIGH 620
LOW 512
HIGH 616
LOW 512
HIGH 624
LOW 512
HIGH 616
LOW 1640
HIGH 620
LOW 512
HIGH 596
LOW 1664
HIGH 620
LOW 1636
HIGH 624
LOW 1636
HIGH 620
LOW 39304
HIGH 9080
LOW 2212
HIGH 624


Press the button once

Raw: (67) HIGH 9080
LOW 4440
HIGH 624
LOW 1636
HIGH 620
LOW 1644
HIGH 616
LOW 512
HIGH 620
LOW 512
HIGH 620
LOW 512
HIGH 596
LOW 532
HIGH 620
LOW 512
HIGH 620
LOW 1636
HIGH 620
LOW 512
HIGH 624
LOW 508
HIGH 620
LOW 1636
HIGH 624
LOW 512
HIGH 620
LOW 1636
HIGH 624
LOW 1636
HIGH 620
LOW 1636
HIGH 624
LOW 1636
HIGH 620
LOW 1640
HIGH 620
LOW 1640
HIGH 620
LOW 1640
HIGH 620
LOW 508
HIGH 620
LOW 1640
HIGH 620
LOW 512
HIGH 596
LOW 532
HIGH 624
LOW 512
HIGH 616
LOW 512
HIGH 620
LOW 508
HIGH 624
LOW 512
HIGH 616
LOW 1644
HIGH 616
LOW 512
HIGH 620
LOW 1636
HIGH 624
LOW 1636
HIGH 620
LOW 1640
HIGH 620


Press the button once
