=~=~=~=~=~=~=~=~=~=~=~= PuTTY log 2020.09.29 13:09:45 =~=~=~=~=~=~=~=~=~=~=~=
Press the button once

Raw: (71) HIGH 9072
LOW 4448
HIGH 616
LOW 1636
HIGH 624
LOW 1636
HIGH 624
LOW 508
HIGH 620
LOW 508
HIGH 624
LOW 512
HIGH 616
LOW 512
HIGH 616
LOW 516
HIGH 616
LOW 1636
HIGH 624
LOW 512
HIGH 616
LOW 512
HIGH 620
LOW 1636
HIGH 620
LOW 512
HIGH 620
LOW 1636
HIGH 624
LOW 1636
HIGH 624
LOW 1632
HIGH 620
LOW 1640
HIGH 620
LOW 508
HIGH 620
LOW 516
HIGH 616
LOW 1636
HIGH 624
LOW 1636
HIGH 624
LOW 508
HIGH 620
LOW 508
HIGH 620
LOW 508
HIGH 624
LOW 508
HIGH 620
LOW 1640
HIGH 620
LOW 1636
HIGH 624
LOW 508
HIGH 620
LOW 508
HIGH 620
LOW 1640
HIGH 620
LOW 1636
HIGH 624
LOW 1636
HIGH 616
LOW 1640
HIGH 620
LOW 39288
HIGH 9072
LOW 2212
HIGH 624


Press the button once
